Using pre-set license
Built from '2020.3/staging' branch; Version is '2020.3.18f1 (a7d1c678663c) revision 10998214'; Using compiler version '192528614'; Build Type 'Release'
OS: 'Windows 10 Home; OS build 22000.348; Version 2009; 64bit' Language: 'en' Physical Memory: 16258 MB
BatchMode: 1, IsHumanControllingUs: 0, StartBugReporterOnCrash: 0, Is64bit: 1, IsPro: 0

COMMAND LINE ARGUMENTS:
D:\Howest 21-22\Mixed Reality\Unity Folder\2020.3.18f1\Editor\Unity.exe
-adb2
-batchMode
-noUpm
-name
AssetImportWorker0
-projectPath
D:/Howest 21-22/Mixed Reality/MR-eindproject
-logFile
Logs/AssetImportWorker0.log
-srvPort
55107
Successfully changed project path to: D:/Howest 21-22/Mixed Reality/MR-eindproject
D:/Howest 21-22/Mixed Reality/MR-eindproject
Using Asset Import Pipeline V2.
Refreshing native plugins compatible for Editor in 36.45 ms, found 2 plugins.
Preloading 0 native plugins for Editor in 0.00 ms.
Initialize engine version: 2020.3.18f1 (a7d1c678663c)
[Subsystems] Discovering subsystems at path D:/Howest 21-22/Mixed Reality/Unity Folder/2020.3.18f1/Editor/Data/Resources/UnitySubsystems
[Subsystems] Discovering subsystems at path D:/Howest 21-22/Mixed Reality/MR-eindproject/Assets
GfxDevice: creating device client; threaded=0
Direct3D:
    Version:  Direct3D 11.0 [level 11.1]
    Renderer: NVIDIA GeForce RTX 2060 (ID=0x1f11)
    Vendor:   
    VRAM:     5980 MB
    Driver:   30.0.14.7196
Initialize mono
Mono path[0] = 'D:/Howest 21-22/Mixed Reality/Unity Folder/2020.3.18f1/Editor/Data/Managed'
Mono path[1] = 'D:/Howest 21-22/Mixed Reality/Unity Folder/2020.3.18f1/Editor/Data/MonoBleedingEdge/lib/mono/unityjit'
Mono config path = 'D:/Howest 21-22/Mixed Reality/Unity Folder/2020.3.18f1/Editor/Data/MonoBleedingEdge/etc'
Using monoOptions --debugger-agent=transport=dt_socket,embedding=1,server=y,suspend=n,address=127.0.0.1:56156
Begin MonoManager ReloadAssembly
Registering precompiled unity dll's ...
Register platform support module: D:/Howest 21-22/Mixed Reality/Unity Folder/2020.3.18f1/Editor/Data/PlaybackEngines/WindowsStandaloneSupport/UnityEditor.WindowsStandalone.Extensions.dll
Registered in 0.000915 seconds.
Native extension for WindowsStandalone target not found
Refreshing native plugins compatible for Editor in 35.39 ms, found 2 plugins.
Preloading 0 native plugins for Editor in 0.00 ms.
Mono: successfully reloaded assembly
- Completed reload, in  1.489 seconds
Domain Reload Profiling:
	ReloadAssembly (1489ms)
		BeginReloadAssembly (52ms)
			ExecutionOrderSort (0ms)
			DisableScriptedObjects (0ms)
			BackupInstance (0ms)
			ReleaseScriptingObjects (0ms)
			CreateAndSetChildDomain (1ms)
		EndReloadAssembly (391ms)
			LoadAssemblies (51ms)
			RebuildTransferFunctionScriptingTraits (0ms)
			SetupTypeCache (143ms)
			ReleaseScriptCaches (0ms)
			RebuildScriptCaches (31ms)
			SetupLoadedEditorAssemblies (153ms)
				LogAssemblyErrors (0ms)
				InitializePlatformSupportModulesInManaged (3ms)
				SetLoadedEditorAssemblies (0ms)
				RefreshPlugins (35ms)
				BeforeProcessingInitializeOnLoad (8ms)
				ProcessInitializeOnLoadAttributes (76ms)
				ProcessInitializeOnLoadMethodAttributes (30ms)
				AfterProcessingInitializeOnLoad (0ms)
				EditorAssembliesLoaded (0ms)
			ExecutionOrderSort2 (0ms)
			AwakeInstancesAfterBackupRestoration (0ms)
Platform modules already initialized, skipping
Registering precompiled user dll's ...
Registered in 0.002573 seconds.
Begin MonoManager ReloadAssembly
Native extension for WindowsStandalone target not found
Refreshing native plugins compatible for Editor in 34.35 ms, found 2 plugins.
Preloading 0 native plugins for Editor in 0.00 ms.
Mono: successfully reloaded assembly
- Completed reload, in  1.053 seconds
Domain Reload Profiling:
	ReloadAssembly (1054ms)
		BeginReloadAssembly (141ms)
			ExecutionOrderSort (0ms)
			DisableScriptedObjects (5ms)
			BackupInstance (0ms)
			ReleaseScriptingObjects (0ms)
			CreateAndSetChildDomain (17ms)
		EndReloadAssembly (859ms)
			LoadAssemblies (79ms)
			RebuildTransferFunctionScriptingTraits (0ms)
			SetupTypeCache (291ms)
			ReleaseScriptCaches (0ms)
			RebuildScriptCaches (44ms)
			SetupLoadedEditorAssemblies (309ms)
				LogAssemblyErrors (0ms)
				InitializePlatformSupportModulesInManaged (5ms)
				SetLoadedEditorAssemblies (0ms)
				RefreshPlugins (34ms)
				BeforeProcessingInitializeOnLoad (57ms)
				ProcessInitializeOnLoadAttributes (198ms)
				ProcessInitializeOnLoadMethodAttributes (13ms)
				AfterProcessingInitializeOnLoad (2ms)
				EditorAssembliesLoaded (0ms)
			ExecutionOrderSort2 (0ms)
			AwakeInstancesAfterBackupRestoration (7ms)
Platform modules already initialized, skipping
========================================================================
Worker process is ready to serve import requests
Launched and connected shader compiler UnityShaderCompiler.exe after 0.07 seconds
Refreshing native plugins compatible for Editor in 0.39 ms, found 2 plugins.
Preloading 0 native plugins for Editor in 0.00 ms.
Unloading 1893 Unused Serialized files (Serialized files now loaded: 0)
System memory in use before: 80.7 MB.
System memory in use after: 80.7 MB.

Unloading 21 unused Assets to reduce memory usage. Loaded Objects now: 2325.
Total: 5.633600 ms (FindLiveObjects: 0.185500 ms CreateObjectMapping: 0.062300 ms MarkObjects: 5.307000 ms  DeleteObjects: 0.077200 ms)

AssetImportParameters requested are different than current active one (requested -> active):
  custom:framework-win-MediaFoundation: 216162199b28c13a410421893ffa2e32 -> 
  custom:video-decoder-ogg-theora: a1e56fd34408186e4bbccfd4996cb3dc -> 
  custom:container-muxer-webm: aa71ff27fc2769a1b78a27578f13a17b -> 
  custom:container-demuxer-webm: 4f35f7cbe854078d1ac9338744f61a02 -> 
  custom:container-demuxer-ogg: 62fdf1f143b41e24485cea50d1cbac27 -> 
  custom:video-encoder-webm-vp8: eb34c28f22e8b96e1ab97ce403110664 -> 
  custom:video-decoder-webm-vp8: 9c59270c3fd7afecdb556c50c9e8de78 -> 
  custom:audio-decoder-ogg-vorbis: bf7c407c2cedff20999df2af8eb42d56 -> 
  custom:audio-encoder-webm-vorbis: bf7c407c2cedff20999df2af8eb42d56 -> 
========================================================================
Received Import Request.
  path: Assets
  artifactKey: Guid(00000000000000001000000000000000) Importer(815301076,1909f56bfc062723c751e8b465ee728b)
Start importing Assets using Guid(00000000000000001000000000000000) Importer(815301076,1909f56bfc062723c751e8b465ee728b)  -> (artifact id: '42d402b061de3733987d63b9cc3b64de') in 0.009617 seconds 
  Import took 0.012342 seconds .

========================================================================
Received Import Request.
  Time since last request: 0.000303 seconds.
  path: Assets/Scripts
  artifactKey: Guid(76162a4885df4ef48a352a853288bd08) Importer(815301076,1909f56bfc062723c751e8b465ee728b)
Start importing Assets/Scripts using Guid(76162a4885df4ef48a352a853288bd08) Importer(815301076,1909f56bfc062723c751e8b465ee728b)  -> (artifact id: 'f7095badb0ebe85d92f55c38cb6030d5') in 0.007653 seconds 
  Import took 0.010081 seconds .

========================================================================
Received Import Request.
  Time since last request: 16.973624 seconds.
  path: Assets/Scripts/BlockPlacer.cs
  artifactKey: Guid(1744edec95c3ef94a972f782285e7caf) Importer(815301076,1909f56bfc062723c751e8b465ee728b)
Start importing Assets/Scripts/BlockPlacer.cs using Guid(1744edec95c3ef94a972f782285e7caf) Importer(815301076,1909f56bfc062723c751e8b465ee728b)  -> (artifact id: 'a080b8a104bf172c94b4fba644b0f501') in 0.093143 seconds 
  Import took 0.095770 seconds .

========================================================================
Received Prepare
Registering precompiled user dll's ...
Registered in 0.002764 seconds.
Begin MonoManager ReloadAssembly
Native extension for WindowsStandalone target not found
Refreshing native plugins compatible for Editor in 0.48 ms, found 2 plugins.
Preloading 0 native plugins for Editor in 0.00 ms.
Mono: successfully reloaded assembly
- Completed reload, in  1.839 seconds
Domain Reload Profiling:
	ReloadAssembly (1840ms)
		BeginReloadAssembly (107ms)
			ExecutionOrderSort (0ms)
			DisableScriptedObjects (4ms)
			BackupInstance (0ms)
			ReleaseScriptingObjects (0ms)
			CreateAndSetChildDomain (33ms)
		EndReloadAssembly (1674ms)
			LoadAssemblies (83ms)
			RebuildTransferFunctionScriptingTraits (0ms)
			SetupTypeCache (663ms)
			ReleaseScriptCaches (1ms)
			RebuildScriptCaches (105ms)
			SetupLoadedEditorAssemblies (309ms)
				LogAssemblyErrors (0ms)
				InitializePlatformSupportModulesInManaged (5ms)
				SetLoadedEditorAssemblies (1ms)
				RefreshPlugins (1ms)
				BeforeProcessingInitializeOnLoad (60ms)
				ProcessInitializeOnLoadAttributes (224ms)
				ProcessInitializeOnLoadMethodAttributes (15ms)
				AfterProcessingInitializeOnLoad (3ms)
				EditorAssembliesLoaded (0ms)
			ExecutionOrderSort2 (0ms)
			AwakeInstancesAfterBackupRestoration (9ms)
Platform modules already initialized, skipping
Refreshing native plugins compatible for Editor in 0.59 ms, found 2 plugins.
Preloading 0 native plugins for Editor in 0.00 ms.
Unloading 1884 Unused Serialized files (Serialized files now loaded: 0)
System memory in use before: 80.3 MB.
System memory in use after: 80.4 MB.

Unloading 16 unused Assets to reduce memory usage. Loaded Objects now: 2329.
Total: 3.345200 ms (FindLiveObjects: 0.249400 ms CreateObjectMapping: 0.113700 ms MarkObjects: 2.936600 ms  DeleteObjects: 0.043900 ms)

AssetImportParameters requested are different than current active one (requested -> active):
  custom:framework-win-MediaFoundation: 216162199b28c13a410421893ffa2e32 -> 
  custom:video-decoder-ogg-theora: a1e56fd34408186e4bbccfd4996cb3dc -> 
  custom:container-muxer-webm: aa71ff27fc2769a1b78a27578f13a17b -> 
  custom:container-demuxer-webm: 4f35f7cbe854078d1ac9338744f61a02 -> 
  custom:container-demuxer-ogg: 62fdf1f143b41e24485cea50d1cbac27 -> 
  custom:video-encoder-webm-vp8: eb34c28f22e8b96e1ab97ce403110664 -> 
  custom:video-decoder-webm-vp8: 9c59270c3fd7afecdb556c50c9e8de78 -> 
  custom:audio-decoder-ogg-vorbis: bf7c407c2cedff20999df2af8eb42d56 -> 
  custom:audio-encoder-webm-vorbis: bf7c407c2cedff20999df2af8eb42d56 -> 
========================================================================
Received Import Request.
  Time since last request: 862.032561 seconds.
  path: Assets/Images/Web 1920 – 1.png
  artifactKey: Guid(adf0bc3ecf1f4184b8303e6c5a083cc8) Importer(815301076,1909f56bfc062723c751e8b465ee728b)
Start importing Assets/Images/Web 1920 – 1.png using Guid(adf0bc3ecf1f4184b8303e6c5a083cc8) Importer(815301076,1909f56bfc062723c751e8b465ee728b)  -> (artifact id: '05a8105716af9eb4e44638885e6a14b5') in 0.237931 seconds 
  Import took 0.297279 seconds .

========================================================================
Received Import Request.
  Time since last request: 175.281539 seconds.
  path: Assets/Scripts/ReferenceObjectLibrary.asset
  artifactKey: Guid(89096c6e7f9554f4b96b1225a855c1f1) Importer(815301076,1909f56bfc062723c751e8b465ee728b)
Start importing Assets/Scripts/ReferenceObjectLibrary.asset using Guid(89096c6e7f9554f4b96b1225a855c1f1) Importer(815301076,1909f56bfc062723c751e8b465ee728b)  -> (artifact id: '4566bbcf553799b087405a71845d586f') in 0.021672 seconds 
  Import took 0.025390 seconds .

========================================================================
Received Import Request.
  Time since last request: 55.980567 seconds.
  path: Assets/Images/ReferenceObjectLibrary.asset
  artifactKey: Guid(89096c6e7f9554f4b96b1225a855c1f1) Importer(815301076,1909f56bfc062723c751e8b465ee728b)
Start importing Assets/Images/ReferenceObjectLibrary.asset using Guid(89096c6e7f9554f4b96b1225a855c1f1) Importer(815301076,1909f56bfc062723c751e8b465ee728b)  -> (artifact id: '7e2b7faa355aac824e4a5567ab4f17e8') in 0.005546 seconds 
  Import took 0.008523 seconds .

========================================================================
Received Import Request.
  Time since last request: 73.319913 seconds.
  path: Assets/Images/ImageTracker.asset
  artifactKey: Guid(7e743365f07965e4a958294e46347fbc) Importer(815301076,1909f56bfc062723c751e8b465ee728b)
Start importing Assets/Images/ImageTracker.asset using Guid(7e743365f07965e4a958294e46347fbc) Importer(815301076,1909f56bfc062723c751e8b465ee728b)  -> (artifact id: '13a18d8687531fe33efa81ed567141fe') in 0.029959 seconds 
  Import took 0.033721 seconds .

========================================================================
Received Import Request.
  Time since last request: 22.988154 seconds.
  path: Assets/Images/ImageTracker.asset
  artifactKey: Guid(7e743365f07965e4a958294e46347fbc) Importer(815301076,1909f56bfc062723c751e8b465ee728b)
Start importing Assets/Images/ImageTracker.asset using Guid(7e743365f07965e4a958294e46347fbc) Importer(815301076,1909f56bfc062723c751e8b465ee728b)  -> (artifact id: '70eeee6fe8a240c7e288f8f6606a918e') in 0.011108 seconds 
  Import took 0.015457 seconds .

========================================================================
Received Import Request.
  Time since last request: 170.898635 seconds.
  path: Assets/Scripts/PlaneObserver.cs
  artifactKey: Guid(08f1c1db50374554babedacd579ac839) Importer(815301076,1909f56bfc062723c751e8b465ee728b)
Start importing Assets/Scripts/PlaneObserver.cs using Guid(08f1c1db50374554babedacd579ac839) Importer(815301076,1909f56bfc062723c751e8b465ee728b)  -> (artifact id: 'c9c17e67459c07afe0279326d9dfe02e') in 0.009679 seconds 
  Import took 0.014637 seconds .

========================================================================
Received Import Request.
  Time since last request: 2.353691 seconds.
  path: Assets/Scripts/AppManager.cs
  artifactKey: Guid(0d4d0cb7b74ea334caf2374acd1feaff) Importer(815301076,1909f56bfc062723c751e8b465ee728b)
Start importing Assets/Scripts/AppManager.cs using Guid(0d4d0cb7b74ea334caf2374acd1feaff) Importer(815301076,1909f56bfc062723c751e8b465ee728b)  -> (artifact id: '9127594d7d1e338ead8717ef80110519') in 0.009012 seconds 
  Import took 0.012148 seconds .

========================================================================
Received Import Request.
  Time since last request: 0.025174 seconds.
  path: Assets/Scripts/AppManager.cs
  artifactKey: Guid(0d4d0cb7b74ea334caf2374acd1feaff) Importer(815301076,1909f56bfc062723c751e8b465ee728b)
Start importing Assets/Scripts/AppManager.cs using Guid(0d4d0cb7b74ea334caf2374acd1feaff) Importer(815301076,1909f56bfc062723c751e8b465ee728b)  -> (artifact id: '9127594d7d1e338ead8717ef80110519') in 0.005256 seconds 
  Import took 0.008594 seconds .

========================================================================
Received Import Request.
  Time since last request: 12.484204 seconds.
  path: Assets/Scripts/Builder.cs
  artifactKey: Guid(1744edec95c3ef94a972f782285e7caf) Importer(815301076,1909f56bfc062723c751e8b465ee728b)
Start importing Assets/Scripts/Builder.cs using Guid(1744edec95c3ef94a972f782285e7caf) Importer(815301076,1909f56bfc062723c751e8b465ee728b)  -> (artifact id: 'acfe1423e436b2314810787c3a9977bd') in 0.009221 seconds 
  Import took 0.013397 seconds .

========================================================================
Received Prepare
Registering precompiled user dll's ...
Registered in 0.004156 seconds.
Begin MonoManager ReloadAssembly
Native extension for WindowsStandalone target not found
Refreshing native plugins compatible for Editor in 0.50 ms, found 2 plugins.
Preloading 0 native plugins for Editor in 0.00 ms.
Mono: successfully reloaded assembly
- Completed reload, in  1.448 seconds
Domain Reload Profiling:
	ReloadAssembly (1449ms)
		BeginReloadAssembly (211ms)
			ExecutionOrderSort (0ms)
			DisableScriptedObjects (11ms)
			BackupInstance (0ms)
			ReleaseScriptingObjects (0ms)
			CreateAndSetChildDomain (109ms)
		EndReloadAssembly (1159ms)
			LoadAssemblies (118ms)
			RebuildTransferFunctionScriptingTraits (0ms)
			SetupTypeCache (422ms)
			ReleaseScriptCaches (1ms)
			RebuildScriptCaches (41ms)
			SetupLoadedEditorAssemblies (459ms)
				LogAssemblyErrors (0ms)
				InitializePlatformSupportModulesInManaged (6ms)
				SetLoadedEditorAssemblies (1ms)
				RefreshPlugins (1ms)
				BeforeProcessingInitializeOnLoad (67ms)
				ProcessInitializeOnLoadAttributes (369ms)
				ProcessInitializeOnLoadMethodAttributes (12ms)
				AfterProcessingInitializeOnLoad (3ms)
				EditorAssembliesLoaded (0ms)
			ExecutionOrderSort2 (0ms)
			AwakeInstancesAfterBackupRestoration (11ms)
Platform modules already initialized, skipping
Refreshing native plugins compatible for Editor in 0.76 ms, found 2 plugins.
Preloading 0 native plugins for Editor in 0.00 ms.
Unloading 1884 Unused Serialized files (Serialized files now loaded: 0)
System memory in use before: 80.4 MB.
System memory in use after: 80.5 MB.

Unloading 16 unused Assets to reduce memory usage. Loaded Objects now: 2334.
Total: 3.905600 ms (FindLiveObjects: 0.248400 ms CreateObjectMapping: 0.121400 ms MarkObjects: 3.476800 ms  DeleteObjects: 0.057200 ms)

AssetImportParameters requested are different than current active one (requested -> active):
  custom:framework-win-MediaFoundation: 216162199b28c13a410421893ffa2e32 -> 
  custom:video-decoder-ogg-theora: a1e56fd34408186e4bbccfd4996cb3dc -> 
  custom:container-muxer-webm: aa71ff27fc2769a1b78a27578f13a17b -> 
  custom:container-demuxer-webm: 4f35f7cbe854078d1ac9338744f61a02 -> 
  custom:container-demuxer-ogg: 62fdf1f143b41e24485cea50d1cbac27 -> 
  custom:video-encoder-webm-vp8: eb34c28f22e8b96e1ab97ce403110664 -> 
  custom:video-decoder-webm-vp8: 9c59270c3fd7afecdb556c50c9e8de78 -> 
  custom:audio-decoder-ogg-vorbis: bf7c407c2cedff20999df2af8eb42d56 -> 
  custom:audio-encoder-webm-vorbis: bf7c407c2cedff20999df2af8eb42d56 -> 
========================================================================
Received Prepare
Registering precompiled user dll's ...
Registered in 0.004651 seconds.
Begin MonoManager ReloadAssembly
Native extension for WindowsStandalone target not found
Refreshing native plugins compatible for Editor in 0.46 ms, found 2 plugins.
Preloading 0 native plugins for Editor in 0.00 ms.
Mono: successfully reloaded assembly
- Completed reload, in  1.415 seconds
Domain Reload Profiling:
	ReloadAssembly (1416ms)
		BeginReloadAssembly (130ms)
			ExecutionOrderSort (0ms)
			DisableScriptedObjects (5ms)
			BackupInstance (0ms)
			ReleaseScriptingObjects (0ms)
			CreateAndSetChildDomain (39ms)
		EndReloadAssembly (1210ms)
			LoadAssemblies (103ms)
			RebuildTransferFunctionScriptingTraits (0ms)
			SetupTypeCache (425ms)
			ReleaseScriptCaches (1ms)
			RebuildScriptCaches (76ms)
			SetupLoadedEditorAssemblies (444ms)
				LogAssemblyErrors (0ms)
				InitializePlatformSupportModulesInManaged (6ms)
				SetLoadedEditorAssemblies (1ms)
				RefreshPlugins (1ms)
				BeforeProcessingInitializeOnLoad (81ms)
				ProcessInitializeOnLoadAttributes (324ms)
				ProcessInitializeOnLoadMethodAttributes (27ms)
				AfterProcessingInitializeOnLoad (5ms)
				EditorAssembliesLoaded (0ms)
			ExecutionOrderSort2 (0ms)
			AwakeInstancesAfterBackupRestoration (11ms)
Platform modules already initialized, skipping
Refreshing native plugins compatible for Editor in 0.51 ms, found 2 plugins.
Preloading 0 native plugins for Editor in 0.00 ms.
Unloading 1884 Unused Serialized files (Serialized files now loaded: 0)
System memory in use before: 80.4 MB.
System memory in use after: 80.5 MB.

Unloading 16 unused Assets to reduce memory usage. Loaded Objects now: 2337.
Total: 4.336900 ms (FindLiveObjects: 0.210400 ms CreateObjectMapping: 0.086100 ms MarkObjects: 3.983900 ms  DeleteObjects: 0.054500 ms)

AssetImportParameters requested are different than current active one (requested -> active):
  custom:framework-win-MediaFoundation: 216162199b28c13a410421893ffa2e32 -> 
  custom:video-decoder-ogg-theora: a1e56fd34408186e4bbccfd4996cb3dc -> 
  custom:container-muxer-webm: aa71ff27fc2769a1b78a27578f13a17b -> 
  custom:container-demuxer-webm: 4f35f7cbe854078d1ac9338744f61a02 -> 
  custom:container-demuxer-ogg: 62fdf1f143b41e24485cea50d1cbac27 -> 
  custom:video-encoder-webm-vp8: eb34c28f22e8b96e1ab97ce403110664 -> 
  custom:video-decoder-webm-vp8: 9c59270c3fd7afecdb556c50c9e8de78 -> 
  custom:audio-decoder-ogg-vorbis: bf7c407c2cedff20999df2af8eb42d56 -> 
  custom:audio-encoder-webm-vorbis: bf7c407c2cedff20999df2af8eb42d56 -> 
========================================================================
Received Import Request.
  Time since last request: 25.130873 seconds.
  path: Assets/Scripts/Builder.cs
  artifactKey: Guid(1744edec95c3ef94a972f782285e7caf) Importer(815301076,1909f56bfc062723c751e8b465ee728b)
Start importing Assets/Scripts/Builder.cs using Guid(1744edec95c3ef94a972f782285e7caf) Importer(815301076,1909f56bfc062723c751e8b465ee728b)  -> (artifact id: 'c5e66338e951a0dddfa87328a4c03cdf') in 0.008261 seconds 
  Import took 0.013787 seconds .

========================================================================
Received Import Request.
  Time since last request: 13.999241 seconds.
  path: Assets/Images/BuilderPlane.png
  artifactKey: Guid(adf0bc3ecf1f4184b8303e6c5a083cc8) Importer(815301076,1909f56bfc062723c751e8b465ee728b)
Start importing Assets/Images/BuilderPlane.png using Guid(adf0bc3ecf1f4184b8303e6c5a083cc8) Importer(815301076,1909f56bfc062723c751e8b465ee728b)  -> (artifact id: 'fb54750eac1bd95919651e95ac663973') in 0.041624 seconds 
  Import took 0.045026 seconds .

========================================================================
Received Import Request.
  Time since last request: 8.814767 seconds.
  path: Assets/Images/ImageTracker.asset
  artifactKey: Guid(7e743365f07965e4a958294e46347fbc) Importer(815301076,1909f56bfc062723c751e8b465ee728b)
Start importing Assets/Images/ImageTracker.asset using Guid(7e743365f07965e4a958294e46347fbc) Importer(815301076,1909f56bfc062723c751e8b465ee728b)  -> (artifact id: '4b95794f8336688abc49c8131d915797') in 0.017000 seconds 
  Import took 0.020951 seconds .

========================================================================
Received Prepare
Registering precompiled user dll's ...
Registered in 0.003126 seconds.
Begin MonoManager ReloadAssembly
Native extension for WindowsStandalone target not found
Refreshing native plugins compatible for Editor in 0.46 ms, found 2 plugins.
Preloading 0 native plugins for Editor in 0.00 ms.
Mono: successfully reloaded assembly
- Completed reload, in  1.203 seconds
Domain Reload Profiling:
	ReloadAssembly (1203ms)
		BeginReloadAssembly (134ms)
			ExecutionOrderSort (0ms)
			DisableScriptedObjects (5ms)
			BackupInstance (0ms)
			ReleaseScriptingObjects (0ms)
			CreateAndSetChildDomain (43ms)
		EndReloadAssembly (993ms)
			LoadAssemblies (94ms)
			RebuildTransferFunctionScriptingTraits (0ms)
			SetupTypeCache (364ms)
			ReleaseScriptCaches (1ms)
			RebuildScriptCaches (49ms)
			SetupLoadedEditorAssemblies (357ms)
				LogAssemblyErrors (0ms)
				InitializePlatformSupportModulesInManaged (6ms)
				SetLoadedEditorAssemblies (1ms)
				RefreshPlugins (1ms)
				BeforeProcessingInitializeOnLoad (69ms)
				ProcessInitializeOnLoadAttributes (269ms)
				ProcessInitializeOnLoadMethodAttributes (9ms)
				AfterProcessingInitializeOnLoad (3ms)
				EditorAssembliesLoaded (0ms)
			ExecutionOrderSort2 (0ms)
			AwakeInstancesAfterBackupRestoration (6ms)
Platform modules already initialized, skipping
Refreshing native plugins compatible for Editor in 0.70 ms, found 2 plugins.
Preloading 0 native plugins for Editor in 0.00 ms.
Unloading 1884 Unused Serialized files (Serialized files now loaded: 0)
System memory in use before: 80.4 MB.
System memory in use after: 80.5 MB.

Unloading 16 unused Assets to reduce memory usage. Loaded Objects now: 2340.
Total: 3.245200 ms (FindLiveObjects: 0.210800 ms CreateObjectMapping: 0.079000 ms MarkObjects: 2.913200 ms  DeleteObjects: 0.041100 ms)

AssetImportParameters requested are different than current active one (requested -> active):
  custom:framework-win-MediaFoundation: 216162199b28c13a410421893ffa2e32 -> 
  custom:video-decoder-ogg-theora: a1e56fd34408186e4bbccfd4996cb3dc -> 
  custom:container-muxer-webm: aa71ff27fc2769a1b78a27578f13a17b -> 
  custom:container-demuxer-webm: 4f35f7cbe854078d1ac9338744f61a02 -> 
  custom:container-demuxer-ogg: 62fdf1f143b41e24485cea50d1cbac27 -> 
  custom:video-encoder-webm-vp8: eb34c28f22e8b96e1ab97ce403110664 -> 
  custom:video-decoder-webm-vp8: 9c59270c3fd7afecdb556c50c9e8de78 -> 
  custom:audio-decoder-ogg-vorbis: bf7c407c2cedff20999df2af8eb42d56 -> 
  custom:audio-encoder-webm-vorbis: bf7c407c2cedff20999df2af8eb42d56 -> 
========================================================================
Received Import Request.
  Time since last request: 21.536523 seconds.
  path: Assets/Scripts/Builder.cs
  artifactKey: Guid(1744edec95c3ef94a972f782285e7caf) Importer(815301076,1909f56bfc062723c751e8b465ee728b)
Start importing Assets/Scripts/Builder.cs using Guid(1744edec95c3ef94a972f782285e7caf) Importer(815301076,1909f56bfc062723c751e8b465ee728b)  -> (artifact id: '65ec4439e1aaaed7d7c9835d4656dca2') in 0.006082 seconds 
  Import took 0.009702 seconds .

========================================================================
Received Import Request.
  Time since last request: 7.805408 seconds.
  path: Assets/Prefabs/1x1_brick.obj
  artifactKey: Guid(72ee9de222e119841866aafe77c3d6e6) Importer(815301076,1909f56bfc062723c751e8b465ee728b)
Start importing Assets/Prefabs/1x1_brick.obj using Guid(72ee9de222e119841866aafe77c3d6e6) Importer(815301076,1909f56bfc062723c751e8b465ee728b)  -> (artifact id: '2adb75acaf851b2dca3a9bac51c316a7') in 0.461260 seconds 
  Import took 0.464353 seconds .

========================================================================
Received Import Request.
  Time since last request: 0.000243 seconds.
  path: Assets/Prefabs/1x1_plate.obj
  artifactKey: Guid(246b514521d1ca94395494e035aac99c) Importer(815301076,1909f56bfc062723c751e8b465ee728b)
Start importing Assets/Prefabs/1x1_plate.obj using Guid(246b514521d1ca94395494e035aac99c) Importer(815301076,1909f56bfc062723c751e8b465ee728b)  -> (artifact id: 'bc9541d7b656f8be9f2d39194425e16e') in 0.055314 seconds 
  Import took 0.058900 seconds .

========================================================================
Received Import Request.
  Time since last request: 0.000213 seconds.
  path: Assets/Prefabs/1x1_tile.obj
  artifactKey: Guid(2b66f8d3c9b2aca42a811fea231e30b7) Importer(815301076,1909f56bfc062723c751e8b465ee728b)
Start importing Assets/Prefabs/1x1_tile.obj using Guid(2b66f8d3c9b2aca42a811fea231e30b7) Importer(815301076,1909f56bfc062723c751e8b465ee728b)  -> (artifact id: '8f203d640a31c3923eeab543945dd980') in 0.053149 seconds 
  Import took 0.056747 seconds .

========================================================================
Received Import Request.
  Time since last request: 0.000252 seconds.
  path: Assets/Prefabs/1x1_slope.obj
  artifactKey: Guid(70693d7c63064ad44a0acecb768a0a20) Importer(815301076,1909f56bfc062723c751e8b465ee728b)
Start importing Assets/Prefabs/1x1_slope.obj using Guid(70693d7c63064ad44a0acecb768a0a20) Importer(815301076,1909f56bfc062723c751e8b465ee728b)  -> (artifact id: '3e713e942a2b7243dbcdc5fac450f007') in 0.089295 seconds 
  Import took 0.092674 seconds .

========================================================================
Received Import Request.
  Time since last request: 0.000218 seconds.
  path: Assets/Prefabs/Cursor.prefab
  artifactKey: Guid(19ae7327f6cc6bc4c80a5ef6c2be44e8) Importer(815301076,1909f56bfc062723c751e8b465ee728b)
Start importing Assets/Prefabs/Cursor.prefab using Guid(19ae7327f6cc6bc4c80a5ef6c2be44e8) Importer(815301076,1909f56bfc062723c751e8b465ee728b)  -> (artifact id: '3135e8cdc2e36329e26ddaefd26ab70a') in 0.023833 seconds 
  Import took 0.027631 seconds .

========================================================================
Received Import Request.
  Time since last request: 0.003309 seconds.
  path: Assets/Prefabs/Cursor.prefab
  artifactKey: Guid(19ae7327f6cc6bc4c80a5ef6c2be44e8) Importer(815301076,1909f56bfc062723c751e8b465ee728b)
Start importing Assets/Prefabs/Cursor.prefab using Guid(19ae7327f6cc6bc4c80a5ef6c2be44e8) Importer(815301076,1909f56bfc062723c751e8b465ee728b)  -> (artifact id: '3135e8cdc2e36329e26ddaefd26ab70a') in 0.012114 seconds 
  Import took 0.017187 seconds .

========================================================================
Received Import Request.
  Time since last request: 113.633616 seconds.
  path: Assets/Scripts/Builder.cs
  artifactKey: Guid(1744edec95c3ef94a972f782285e7caf) Importer(815301076,1909f56bfc062723c751e8b465ee728b)
Start importing Assets/Scripts/Builder.cs using Guid(1744edec95c3ef94a972f782285e7caf) Importer(815301076,1909f56bfc062723c751e8b465ee728b)  -> (artifact id: '448be95151c374ab1c87379e404e829f') in 0.002829 seconds 
  Import took 0.006442 seconds .

========================================================================
Received Prepare
Registering precompiled user dll's ...
Registered in 0.004204 seconds.
Begin MonoManager ReloadAssembly
Native extension for WindowsStandalone target not found
Refreshing native plugins compatible for Editor in 0.47 ms, found 2 plugins.
Preloading 0 native plugins for Editor in 0.00 ms.
Mono: successfully reloaded assembly
- Completed reload, in  1.103 seconds
Domain Reload Profiling:
	ReloadAssembly (1103ms)
		BeginReloadAssembly (118ms)
			ExecutionOrderSort (0ms)
			DisableScriptedObjects (5ms)
			BackupInstance (0ms)
			ReleaseScriptingObjects (0ms)
			CreateAndSetChildDomain (35ms)
		EndReloadAssembly (904ms)
			LoadAssemblies (103ms)
			RebuildTransferFunctionScriptingTraits (0ms)
			SetupTypeCache (351ms)
			ReleaseScriptCaches (1ms)
			RebuildScriptCaches (48ms)
			SetupLoadedEditorAssemblies (295ms)
				LogAssemblyErrors (0ms)
				InitializePlatformSupportModulesInManaged (5ms)
				SetLoadedEditorAssemblies (0ms)
				RefreshPlugins (1ms)
				BeforeProcessingInitializeOnLoad (53ms)
				ProcessInitializeOnLoadAttributes (226ms)
				ProcessInitializeOnLoadMethodAttributes (9ms)
				AfterProcessingInitializeOnLoad (2ms)
				EditorAssembliesLoaded (0ms)
			ExecutionOrderSort2 (0ms)
			AwakeInstancesAfterBackupRestoration (6ms)
Platform modules already initialized, skipping
Refreshing native plugins compatible for Editor in 0.63 ms, found 2 plugins.
Preloading 0 native plugins for Editor in 0.00 ms.
Unloading 1884 Unused Serialized files (Serialized files now loaded: 0)
System memory in use before: 84.2 MB.
System memory in use after: 84.3 MB.

Unloading 16 unused Assets to reduce memory usage. Loaded Objects now: 2386.
Total: 4.495400 ms (FindLiveObjects: 0.180300 ms CreateObjectMapping: 0.058900 ms MarkObjects: 4.211100 ms  DeleteObjects: 0.043800 ms)

AssetImportParameters requested are different than current active one (requested -> active):
  custom:framework-win-MediaFoundation: 216162199b28c13a410421893ffa2e32 -> 
  custom:video-decoder-ogg-theora: a1e56fd34408186e4bbccfd4996cb3dc -> 
  custom:container-muxer-webm: aa71ff27fc2769a1b78a27578f13a17b -> 
  custom:container-demuxer-webm: 4f35f7cbe854078d1ac9338744f61a02 -> 
  custom:container-demuxer-ogg: 62fdf1f143b41e24485cea50d1cbac27 -> 
  custom:video-encoder-webm-vp8: eb34c28f22e8b96e1ab97ce403110664 -> 
  custom:video-decoder-webm-vp8: 9c59270c3fd7afecdb556c50c9e8de78 -> 
  custom:audio-decoder-ogg-vorbis: bf7c407c2cedff20999df2af8eb42d56 -> 
  custom:audio-encoder-webm-vorbis: bf7c407c2cedff20999df2af8eb42d56 -> 
========================================================================
Received Prepare
Registering precompiled user dll's ...
Registered in 0.004361 seconds.
Begin MonoManager ReloadAssembly
Native extension for WindowsStandalone target not found
Refreshing native plugins compatible for Editor in 0.61 ms, found 2 plugins.
Preloading 0 native plugins for Editor in 0.00 ms.
Mono: successfully reloaded assembly
- Completed reload, in  1.277 seconds
Domain Reload Profiling:
	ReloadAssembly (1278ms)
		BeginReloadAssembly (124ms)
			ExecutionOrderSort (0ms)
			DisableScriptedObjects (5ms)
			BackupInstance (0ms)
			ReleaseScriptingObjects (0ms)
			CreateAndSetChildDomain (34ms)
		EndReloadAssembly (1068ms)
			LoadAssemblies (100ms)
			RebuildTransferFunctionScriptingTraits (0ms)
			SetupTypeCache (389ms)
			ReleaseScriptCaches (1ms)
			RebuildScriptCaches (56ms)
			SetupLoadedEditorAssemblies (394ms)
				LogAssemblyErrors (0ms)
				InitializePlatformSupportModulesInManaged (6ms)
				SetLoadedEditorAssemblies (1ms)
				RefreshPlugins (1ms)
				BeforeProcessingInitializeOnLoad (75ms)
				ProcessInitializeOnLoadAttributes (299ms)
				ProcessInitializeOnLoadMethodAttributes (11ms)
				AfterProcessingInitializeOnLoad (2ms)
				EditorAssembliesLoaded (0ms)
			ExecutionOrderSort2 (0ms)
			AwakeInstancesAfterBackupRestoration (9ms)
Platform modules already initialized, skipping
Switching build target platform(19) subTarget(0) extendedPlatform(0) -> platform(13) subTarget(589824) extendedPlatform(0)
Refreshing native plugins compatible for Editor in 0.53 ms, found 2 plugins.
Preloading 0 native plugins for Editor in 0.00 ms.
Unloading 1888 Unused Serialized files (Serialized files now loaded: 0)
System memory in use before: 84.2 MB.
System memory in use after: 84.3 MB.

Unloading 16 unused Assets to reduce memory usage. Loaded Objects now: 2389.
Total: 3.271800 ms (FindLiveObjects: 0.224600 ms CreateObjectMapping: 0.097900 ms MarkObjects: 2.898800 ms  DeleteObjects: 0.047500 ms)

AssetImportParameters requested are different than current active one (requested -> active):
  custom:framework-win-MediaFoundation: 216162199b28c13a410421893ffa2e32 -> 
  custom:video-decoder-ogg-theora: a1e56fd34408186e4bbccfd4996cb3dc -> 
  custom:container-muxer-webm: aa71ff27fc2769a1b78a27578f13a17b -> 
  custom:container-demuxer-webm: 4f35f7cbe854078d1ac9338744f61a02 -> 
  custom:container-demuxer-ogg: 62fdf1f143b41e24485cea50d1cbac27 -> 
  custom:video-encoder-webm-vp8: eb34c28f22e8b96e1ab97ce403110664 -> 
  custom:video-decoder-webm-vp8: 9c59270c3fd7afecdb556c50c9e8de78 -> 
  custom:graphics/normal-map-encoding: 01000000000000000000000000000000 -> 02000000000000000000000000000000
  custom:audio-decoder-ogg-vorbis: bf7c407c2cedff20999df2af8eb42d56 -> 
  custom:audio-encoder-webm-vorbis: bf7c407c2cedff20999df2af8eb42d56 -> 
========================================================================
Received Prepare
Refreshing native plugins compatible for Editor in 2.51 ms, found 2 plugins.
Preloading 0 native plugins for Editor in 0.00 ms.
Unloading 13 Unused Serialized files (Serialized files now loaded: 0)
System memory in use before: 46.9 MB.
System memory in use after: 47.0 MB.

Unloading 13 unused Assets to reduce memory usage. Loaded Objects now: 2389.
Total: 3.045300 ms (FindLiveObjects: 0.177900 ms CreateObjectMapping: 0.078300 ms MarkObjects: 2.755900 ms  DeleteObjects: 0.032100 ms)

AssetImportParameters requested are different than current active one (requested -> active):
  custom:framework-win-MediaFoundation: 216162199b28c13a410421893ffa2e32 -> 
  custom:video-decoder-ogg-theora: a1e56fd34408186e4bbccfd4996cb3dc -> 
  custom:container-muxer-webm: aa71ff27fc2769a1b78a27578f13a17b -> 
  custom:container-demuxer-webm: 4f35f7cbe854078d1ac9338744f61a02 -> 
  custom:container-demuxer-ogg: 62fdf1f143b41e24485cea50d1cbac27 -> 
  custom:video-encoder-webm-vp8: eb34c28f22e8b96e1ab97ce403110664 -> 
  custom:video-decoder-webm-vp8: 9c59270c3fd7afecdb556c50c9e8de78 -> 
  custom:audio-decoder-ogg-vorbis: bf7c407c2cedff20999df2af8eb42d56 -> 
  custom:audio-encoder-webm-vorbis: bf7c407c2cedff20999df2af8eb42d56 -> 
========================================================================
Received Prepare
Refreshing native plugins compatible for Editor in 4.18 ms, found 2 plugins.
Preloading 0 native plugins for Editor in 0.00 ms.
Unloading 13 Unused Serialized files (Serialized files now loaded: 0)
System memory in use before: 46.9 MB.
System memory in use after: 47.0 MB.

Unloading 12 unused Assets to reduce memory usage. Loaded Objects now: 2390.
Total: 5.017600 ms (FindLiveObjects: 0.326900 ms CreateObjectMapping: 0.123300 ms MarkObjects: 4.537900 ms  DeleteObjects: 0.028100 ms)

AssetImportParameters requested are different than current active one (requested -> active):
  custom:framework-win-MediaFoundation: 216162199b28c13a410421893ffa2e32 -> 
  custom:video-decoder-ogg-theora: a1e56fd34408186e4bbccfd4996cb3dc -> 
  custom:container-muxer-webm: aa71ff27fc2769a1b78a27578f13a17b -> 
  custom:container-demuxer-webm: 4f35f7cbe854078d1ac9338744f61a02 -> 
  custom:container-demuxer-ogg: 62fdf1f143b41e24485cea50d1cbac27 -> 
  custom:video-encoder-webm-vp8: eb34c28f22e8b96e1ab97ce403110664 -> 
  custom:video-decoder-webm-vp8: 9c59270c3fd7afecdb556c50c9e8de78 -> 
  custom:audio-decoder-ogg-vorbis: bf7c407c2cedff20999df2af8eb42d56 -> 
  custom:audio-encoder-webm-vorbis: bf7c407c2cedff20999df2af8eb42d56 -> 
========================================================================
Received Import Request.
  Time since last request: 894.520338 seconds.
  path: Assets/Images/BuilderPlane.png
  artifactKey: Guid(adf0bc3ecf1f4184b8303e6c5a083cc8) Importer(815301076,1909f56bfc062723c751e8b465ee728b)
Start importing Assets/Images/BuilderPlane.png using Guid(adf0bc3ecf1f4184b8303e6c5a083cc8) Importer(815301076,1909f56bfc062723c751e8b465ee728b)  -> (artifact id: '734c74dd2e5c8bffc4dd4efddafa29fa') in 0.047225 seconds 
  Import took 0.050627 seconds .

========================================================================
Received Prepare
Refreshing native plugins compatible for Editor in 4.56 ms, found 2 plugins.
Preloading 0 native plugins for Editor in 0.00 ms.
Unloading 12 Unused Serialized files (Serialized files now loaded: 0)
System memory in use before: 46.8 MB.
System memory in use after: 46.9 MB.

Unloading 12 unused Assets to reduce memory usage. Loaded Objects now: 2390.
Total: 5.311700 ms (FindLiveObjects: 0.416800 ms CreateObjectMapping: 0.152100 ms MarkObjects: 4.710700 ms  DeleteObjects: 0.030200 ms)

AssetImportParameters requested are different than current active one (requested -> active):
  custom:framework-win-MediaFoundation: 216162199b28c13a410421893ffa2e32 -> 
  custom:video-decoder-ogg-theora: a1e56fd34408186e4bbccfd4996cb3dc -> 
  custom:container-muxer-webm: aa71ff27fc2769a1b78a27578f13a17b -> 
  custom:container-demuxer-webm: 4f35f7cbe854078d1ac9338744f61a02 -> 
  custom:container-demuxer-ogg: 62fdf1f143b41e24485cea50d1cbac27 -> 
  custom:video-encoder-webm-vp8: eb34c28f22e8b96e1ab97ce403110664 -> 
  custom:video-decoder-webm-vp8: 9c59270c3fd7afecdb556c50c9e8de78 -> 
  custom:audio-decoder-ogg-vorbis: bf7c407c2cedff20999df2af8eb42d56 -> 
  custom:audio-encoder-webm-vorbis: bf7c407c2cedff20999df2af8eb42d56 -> 
========================================================================
Received Import Request.
  Time since last request: 323.278057 seconds.
  path: Assets/Scenes/SampleScene.unity
  artifactKey: Guid(9fc0d4010bbf28b4594072e72b8655ab) Importer(815301076,1909f56bfc062723c751e8b465ee728b)
Start importing Assets/Scenes/SampleScene.unity using Guid(9fc0d4010bbf28b4594072e72b8655ab) Importer(815301076,1909f56bfc062723c751e8b465ee728b)  -> (artifact id: 'e921da13a5a8635b73ee8dfdb4911449') in 0.009321 seconds 
  Import took 0.013531 seconds .

========================================================================
Received Import Request.
  Time since last request: 7.280331 seconds.
  path: Assets/Scripts/Builder.cs
  artifactKey: Guid(1744edec95c3ef94a972f782285e7caf) Importer(815301076,1909f56bfc062723c751e8b465ee728b)
Start importing Assets/Scripts/Builder.cs using Guid(1744edec95c3ef94a972f782285e7caf) Importer(815301076,1909f56bfc062723c751e8b465ee728b)  -> (artifact id: '896895867a9514f0499439f00181c31c') in 0.007203 seconds 
  Import took 0.012113 seconds .

========================================================================
Received Import Request.
  Time since last request: 0.010456 seconds.
  path: Assets/Scripts/Builder.cs
  artifactKey: Guid(1744edec95c3ef94a972f782285e7caf) Importer(815301076,1909f56bfc062723c751e8b465ee728b)
Start importing Assets/Scripts/Builder.cs using Guid(1744edec95c3ef94a972f782285e7caf) Importer(815301076,1909f56bfc062723c751e8b465ee728b)  -> (artifact id: '896895867a9514f0499439f00181c31c') in 0.003240 seconds 
  Import took 0.006656 seconds .

========================================================================
Received Prepare
Registering precompiled user dll's ...
Registered in 0.005617 seconds.
Begin MonoManager ReloadAssembly
Native extension for WindowsStandalone target not found
Refreshing native plugins compatible for Editor in 0.48 ms, found 2 plugins.
Preloading 0 native plugins for Editor in 0.00 ms.
Mono: successfully reloaded assembly
- Completed reload, in  1.259 seconds
Domain Reload Profiling:
	ReloadAssembly (1260ms)
		BeginReloadAssembly (133ms)
			ExecutionOrderSort (0ms)
			DisableScriptedObjects (6ms)
			BackupInstance (0ms)
			ReleaseScriptingObjects (0ms)
			CreateAndSetChildDomain (38ms)
		EndReloadAssembly (1046ms)
			LoadAssemblies (121ms)
			RebuildTransferFunctionScriptingTraits (0ms)
			SetupTypeCache (421ms)
			ReleaseScriptCaches (1ms)
			RebuildScriptCaches (44ms)
			SetupLoadedEditorAssemblies (325ms)
				LogAssemblyErrors (0ms)
				InitializePlatformSupportModulesInManaged (5ms)
				SetLoadedEditorAssemblies (0ms)
				RefreshPlugins (1ms)
				BeforeProcessingInitializeOnLoad (64ms)
				ProcessInitializeOnLoadAttributes (242ms)
				ProcessInitializeOnLoadMethodAttributes (9ms)
				AfterProcessingInitializeOnLoad (4ms)
				EditorAssembliesLoaded (0ms)
			ExecutionOrderSort2 (0ms)
			AwakeInstancesAfterBackupRestoration (7ms)
Platform modules already initialized, skipping
Switching build target platform(19) subTarget(0) extendedPlatform(0) -> platform(13) subTarget(589824) extendedPlatform(0)
Refreshing native plugins compatible for Editor in 0.58 ms, found 2 plugins.
Preloading 0 native plugins for Editor in 0.00 ms.
Unloading 1887 Unused Serialized files (Serialized files now loaded: 0)
System memory in use before: 84.0 MB.
System memory in use after: 84.1 MB.

Unloading 16 unused Assets to reduce memory usage. Loaded Objects now: 2392.
Total: 3.626800 ms (FindLiveObjects: 0.278900 ms CreateObjectMapping: 0.082400 ms MarkObjects: 3.215800 ms  DeleteObjects: 0.047800 ms)

AssetImportParameters requested are different than current active one (requested -> active):
  custom:framework-win-MediaFoundation: 216162199b28c13a410421893ffa2e32 -> 
  custom:video-decoder-ogg-theora: a1e56fd34408186e4bbccfd4996cb3dc -> 
  custom:container-muxer-webm: aa71ff27fc2769a1b78a27578f13a17b -> 
  custom:container-demuxer-webm: 4f35f7cbe854078d1ac9338744f61a02 -> 
  custom:container-demuxer-ogg: 62fdf1f143b41e24485cea50d1cbac27 -> 
  custom:video-encoder-webm-vp8: eb34c28f22e8b96e1ab97ce403110664 -> 
  custom:video-decoder-webm-vp8: 9c59270c3fd7afecdb556c50c9e8de78 -> 
  custom:graphics/normal-map-encoding: 01000000000000000000000000000000 -> 02000000000000000000000000000000
  custom:audio-decoder-ogg-vorbis: bf7c407c2cedff20999df2af8eb42d56 -> 
  custom:audio-encoder-webm-vorbis: bf7c407c2cedff20999df2af8eb42d56 -> 
========================================================================
Received Import Request.
  Time since last request: 18.944633 seconds.
  path: Assets/Scripts/Builder.cs
  artifactKey: Guid(1744edec95c3ef94a972f782285e7caf) Importer(815301076,1909f56bfc062723c751e8b465ee728b)
Start importing Assets/Scripts/Builder.cs using Guid(1744edec95c3ef94a972f782285e7caf) Importer(815301076,1909f56bfc062723c751e8b465ee728b)  -> (artifact id: '6724eb6358c36b10edfb6427c490b80f') in 0.006338 seconds 
  Import took 0.011491 seconds .

========================================================================
Received Import Request.
  Time since last request: 37.892043 seconds.
  path: Assets/Images/ImageTracker.asset
  artifactKey: Guid(7e743365f07965e4a958294e46347fbc) Importer(815301076,1909f56bfc062723c751e8b465ee728b)
Start importing Assets/Images/ImageTracker.asset using Guid(7e743365f07965e4a958294e46347fbc) Importer(815301076,1909f56bfc062723c751e8b465ee728b)  -> (artifact id: '3651c1548cfed5678363f08bf7b117d3') in 0.024169 seconds 
  Import took 0.027701 seconds .

